<?xml version="1.0" encoding="utf-8"?><testsuites name="pytest tests"><testsuite name="pytest" errors="0" failures="0" skipped="0" tests="11" time="13.177" timestamp="2026-08-29T12:38:06.757694+00:00" hostname="agent-env-e9ae38b5-b633-40bc-95ff-4f37ff73c447"><testcase classname="tests.backend_test_iter3.TestAIChat" name="test_chat_returns_reply" time="3.909" /><testcase classname="tests.backend_test_iter3.TestAuthGuard" name="test_chat_requires_device_id" time="0.760" /><testcase classname="tests.backend_test_iter3.TestAuthGuard" name="test_parse_requires_device_id" time="0.150" /><testcase classname="tests.backend_test_iter3.TestAuthGuard" name="test_history_requires_device_id" time="0.376" /><testcase classname="tests.backend_test_iter3.TestAIParse" name="test_parse_expense_with_wallet" time="2.488" /><testcase classname="tests.backend_test_iter3.TestAIParse" name="test_parse_income_5jt" time="2.940" /><testcase classname="tests.backend_test_iter3.TestAIChat" name="test_chat_history_persists" time="0.153" /><testcase classname="tests.backend_test_iter3.TestAIChat" name="test_chat_context_awareness" time="1.463" /><testcase classname="tests.backend_test_iter3.TestAIChat" name="test_clear_history" time="0.685" /><testcase classname="tests.backend_test_iter3.TestAIParse" name="test_parse_cash_expense" time="2.875" /><testcase classname="tests.backend_test_iter3.TestDeviceIsolation" name="test_history_isolated" time="3.274" /></testsuite></testsuites>