<?xml version="1.0" encoding="utf-8"?><testsuites name="pytest tests"><testsuite name="pytest" errors="0" failures="0" skipped="0" tests="10" time="3.638" timestamp="2026-08-29T12:14:38.359110+00:00" hostname="agent-env-e9ae38b5-b633-40bc-95ff-4f37ff73c447"><testcase classname="tests.backend_test_iter2.TestWallets" name="test_auto_seed_defaults_new_device" time="0.512" /><testcase classname="tests.backend_test_iter2.TestFilesFolder" name="test_upload_with_folder_and_list" time="1.356" /><testcase classname="tests.backend_test_iter2.TestWallets" name="test_create_custom_wallet" time="0.369" /><testcase classname="tests.backend_test_iter2.TestWallets" name="test_update_wallet" time="0.349" /><testcase classname="tests.backend_test_iter2.TestWallets" name="test_delete_wallet_soft" time="0.445" /><testcase classname="tests.backend_test_iter2.TestFilesFolder" name="test_upload_default_folder_is_lainnya" time="0.524" /><testcase classname="tests.backend_test_iter2.TestWallets" name="test_device_isolation" time="0.446" /><testcase classname="tests.backend_test_iter2.TestBackup" name="test_export_shape" time="0.684" /><testcase classname="tests.backend_test_iter2.TestTransactionWallet" name="test_create_transaction_with_wallet_id" time="0.700" /><testcase classname="tests.backend_test_iter2.TestBackup" name="test_import_cross_device_and_idempotent" time="0.764" /></testsuite></testsuites>