<?xml version="1.0" encoding="utf-8"?><testsuites name="pytest tests"><testsuite name="pytest" errors="0" failures="0" skipped="0" tests="28" time="3.705" timestamp="2026-08-29T12:14:45.733727+00:00" hostname="agent-env-e9ae38b5-b633-40bc-95ff-4f37ff73c447"><testcase classname="tests.backend_test.TestTransactions" name="test_create_income" time="0.178" /><testcase classname="tests.backend_test.TestFiles" name="test_upload_file" time="0.406" /><testcase classname="tests.backend_test.TestTransactions" name="test_create_expense" time="0.151" /><testcase classname="tests.backend_test.TestTransactions" name="test_list_returns_created" time="0.150" /><testcase classname="tests.backend_test.TestFiles" name="test_list_files" time="0.144" /><testcase classname="tests.backend_test.TestTransactions" name="test_delete_soft" time="0.301" /><testcase classname="tests.backend_test.TestFiles" name="test_get_raw_via_token" time="0.302" /><testcase classname="tests.backend_test.TestTasks" name="test_create_task" time="0.146" /><testcase classname="tests.backend_test.TestFiles" name="test_get_raw_via_header" time="0.299" /><testcase classname="tests.backend_test.TestTasks" name="test_patch_done_true" time="0.160" /><testcase classname="tests.backend_test.TestTasks" name="test_patch_task_not_found" time="0.155" /><testcase classname="tests.backend_test.TestFiles" name="test_get_raw_other_device_denied" time="0.146" /><testcase classname="tests.backend_test.TestTasks" name="test_delete_task" time="0.143" /><testcase classname="tests.backend_test.TestFiles" name="test_delete_file" time="0.299" /><testcase classname="tests.backend_test.TestVault" name="test_create_vault" time="0.143" /><testcase classname="tests.backend_test.TestVault" name="test_list_vault" time="0.147" /><testcase classname="tests.backend_test.TestEvents" name="test_create_event" time="0.149" /><testcase classname="tests.backend_test.TestVault" name="test_update_vault" time="0.141" /><testcase classname="tests.backend_test.TestEvents" name="test_list_events" time="0.142" /><testcase classname="tests.backend_test.TestVault" name="test_delete_vault" time="0.147" /><testcase classname="tests.backend_test.TestEvents" name="test_delete_event" time="0.150" /><testcase classname="tests.backend_test.TestReminders" name="test_create_reminder" time="0.143" /><testcase classname="tests.backend_test" name="test_root" time="0.142" /><testcase classname="tests.backend_test.TestReminders" name="test_patch_enabled_false" time="0.146" /><testcase classname="tests.backend_test" name="test_missing_device_id_returns_400" time="0.157" /><testcase classname="tests.backend_test.TestReminders" name="test_delete_reminder" time="0.146" /><testcase classname="tests.backend_test.TestDeviceIsolation" name="test_transactions_isolated" time="0.441" /><testcase classname="tests.backend_test.TestDeviceIsolation" name="test_vault_isolated" time="0.599" /></testsuite></testsuites>