<?xml version="1.0" encoding="utf-8"?><testsuites name="pytest tests"><testsuite name="pytest" errors="0" failures="0" skipped="0" tests="38" time="6.156" timestamp="2026-08-29T12:38:23.745148+00:00" hostname="agent-env-e9ae38b5-b633-40bc-95ff-4f37ff73c447"><testcase classname="tests.backend_test_iter2.TestWallets" name="test_auto_seed_defaults_new_device" time="0.322" /><testcase classname="tests.backend_test.TestFiles" name="test_upload_file" time="0.357" /><testcase classname="tests.backend_test_iter2.TestWallets" name="test_create_custom_wallet" time="0.301" /><testcase classname="tests.backend_test.TestFiles" name="test_list_files" time="0.212" /><testcase classname="tests.backend_test.TestFiles" name="test_get_raw_via_token" time="0.304" /><testcase classname="tests.backend_test_iter2.TestWallets" name="test_update_wallet" time="0.314" /><testcase classname="tests.backend_test.TestFiles" name="test_get_raw_via_header" time="0.316" /><testcase classname="tests.backend_test_iter2.TestWallets" name="test_delete_wallet_soft" time="0.293" /><testcase classname="tests.backend_test.TestFiles" name="test_get_raw_other_device_denied" time="0.149" /><testcase classname="tests.backend_test_iter2.TestWallets" name="test_device_isolation" time="0.499" /><testcase classname="tests.backend_test.TestFiles" name="test_delete_file" time="0.291" /><testcase classname="tests.backend_test.TestTasks" name="test_create_task" time="0.153" /><testcase classname="tests.backend_test.TestTransactions" name="test_create_income" time="0.150" /><testcase classname="tests.backend_test.TestTasks" name="test_patch_done_true" time="0.160" /><testcase classname="tests.backend_test.TestTransactions" name="test_create_expense" time="0.152" /><testcase classname="tests.backend_test.TestTasks" name="test_patch_task_not_found" time="0.151" /><testcase classname="tests.backend_test.TestTransactions" name="test_list_returns_created" time="0.155" /><testcase classname="tests.backend_test.TestTasks" name="test_delete_task" time="0.152" /><testcase classname="tests.backend_test.TestTransactions" name="test_delete_soft" time="0.309" /><testcase classname="tests.backend_test.TestVault" name="test_create_vault" time="0.165" /><testcase classname="tests.backend_test.TestVault" name="test_list_vault" time="0.156" /><testcase classname="tests.backend_test.TestEvents" name="test_create_event" time="0.159" /><testcase classname="tests.backend_test.TestVault" name="test_update_vault" time="0.150" /><testcase classname="tests.backend_test.TestEvents" name="test_list_events" time="0.147" /><testcase classname="tests.backend_test.TestVault" name="test_delete_vault" time="0.189" /><testcase classname="tests.backend_test.TestEvents" name="test_delete_event" time="0.157" /><testcase classname="tests.backend_test.TestReminders" name="test_create_reminder" time="0.145" /><testcase classname="tests.backend_test" name="test_root" time="0.157" /><testcase classname="tests.backend_test.TestReminders" name="test_patch_enabled_false" time="0.154" /><testcase classname="tests.backend_test" name="test_missing_device_id_returns_400" time="0.167" /><testcase classname="tests.backend_test.TestReminders" name="test_delete_reminder" time="0.185" /><testcase classname="tests.backend_test.TestDeviceIsolation" name="test_transactions_isolated" time="0.456" /><testcase classname="tests.backend_test_iter2.TestFilesFolder" name="test_upload_with_folder_and_list" time="0.899" /><testcase classname="tests.backend_test.TestDeviceIsolation" name="test_vault_isolated" time="0.630" /><testcase classname="tests.backend_test_iter2.TestFilesFolder" name="test_upload_default_folder_is_lainnya" time="0.519" /><testcase classname="tests.backend_test_iter2.TestBackup" name="test_export_shape" time="0.669" /><testcase classname="tests.backend_test_iter2.TestTransactionWallet" name="test_create_transaction_with_wallet_id" time="0.624" /><testcase classname="tests.backend_test_iter2.TestBackup" name="test_import_cross_device_and_idempotent" time="0.791" /></testsuite></testsuites>